2023-10-17 17:38:02 [백엔드 맛보기] info : GET / login 304 "로그인 화면으로 이동"
2023-10-17 17:39:02 [백엔드 맛보기] info : 3000 포트에서 서버가 가동되었습니다.
2023-10-17 17:39:02 [백엔드 맛보기] error : POST //login 400 Response: false TypeError: Cannot destructure property 'id' of '(intermediate value)' as it is undefined.
2023-10-17 17:40:02 [백엔드 맛보기] info : 3000 포트에서 서버가 가동되었습니다.
2023-10-17 17:40:02 [백엔드 맛보기] info : 3000 포트에서 서버가 가동되었습니다.
2023-10-17 17:40:02 [백엔드 맛보기] error : POST //login 400 Response: false TypeError: Cannot destructure property 'id' of '(intermediate value)' as it is undefined.
2023-10-17 17:40:02 [백엔드 맛보기] info : 3000 포트에서 서버가 가동되었습니다.
2023-10-17 17:41:02 [백엔드 맛보기] info : 3000 포트에서 서버가 가동되었습니다.
2023-10-17 17:41:02 [백엔드 맛보기] info : 3000 포트에서 서버가 가동되었습니다.
2023-10-17 17:41:02 [백엔드 맛보기] info : POST //login 200 Response: false 존재하지 않는 아이디입니다.
2023-10-17 17:41:02 [백엔드 맛보기] info : 3000 포트에서 서버가 가동되었습니다.
2023-10-17 17:41:02 [백엔드 맛보기] info : GET / login 304 "로그인 화면으로 이동"
2023-10-17 17:41:02 [백엔드 맛보기] info : POST //login 200 Response: false 존재하지 않는 아이디입니다.
2023-10-17 17:41:02 [백엔드 맛보기] info : POST //login 200 Response: false 비밀번호가 틀렸습니다.
2023-10-17 17:41:02 [백엔드 맛보기] info : POST //login 200 Response: true 
2023-10-17 17:41:02 [백엔드 맛보기] info : GET / 304 "홈 화면으로 이동"
2023-10-17 17:42:02 [백엔드 맛보기] info : 3000 포트에서 서버가 가동되었습니다.
2023-10-17 17:42:02 [백엔드 맛보기] info : GET / login 304 "로그인 화면으로 이동"
2023-10-17 17:42:02 [백엔드 맛보기] info : GET / register 304 "회원가입 화면으로 이동"
2023-10-17 17:43:02 [백엔드 맛보기] error : POST //register 400 Response: false Error: ER_DUP_ENTRY: Duplicate entry 'mimi' for key 'users.PRIMARY'
2023-10-17 17:43:02 [백엔드 맛보기] info : 3000 포트에서 서버가 가동되었습니다.
2023-10-17 17:43:02 [백엔드 맛보기] info : 3000 포트에서 서버가 가동되었습니다.
2023-10-17 17:43:02 [백엔드 맛보기] info : 3000 포트에서 서버가 가동되었습니다.
